<?xml version="1.0" encoding="UTF-8"?>
<!-- Generated by org.testng.reporters.JUnitXMLReporter -->
<testsuite ignored="0" hostname="DESKTOP-ACER" failures="0" tests="4" name="Default test" time="28.86" errors="0" timestamp="2021-07-24T16:56:19 EDT">
  <testcase classname="testsNG.RegistrationTests" name="scenarioRegistration" time="8.133"/>
  <testcase classname="testsNG.RegistrationTests" name="scenarioRegistration" time="7.632"/>
  <testcase classname="testsNG.RegistrationTests" name="scenarioRegistration" time="7.462"/>
  <testcase classname="testsNG.RegistrationTests" name="scenarioRegistration" time="5.582"/>
</testsuite> <!-- Default test -->
