<?xml version="1.0" encoding="UTF-8"?>
<testng-results ignored="0" total="4" passed="4" failed="0" skipped="0">
  <reporter-output>
  </reporter-output>
  <suite started-at="2021-07-24T16:55:50 EDT" name="Default suite" finished-at="2021-07-24T16:56:19 EDT" duration-ms="28860">
    <groups>
    </groups>
    <test started-at="2021-07-24T16:55:50 EDT" name="Default test" finished-at="2021-07-24T16:56:19 EDT" duration-ms="28860">
      <class name="testsNG.RegistrationTests">
        <test-method is-config="true" signature="beforeTest()[pri:0, instance:testsNG.RegistrationTests@42a48628]" started-at="2021-07-24T16:55:50 EDT" name="beforeTest" finished-at="2021-07-24T16:55:50 EDT" duration-ms="8" status="PASS">
          <reporter-output>
          </reporter-output>
        </test-method> <!-- beforeTest -->
        <test-method signature="scenarioRegistration(java.lang.String,java.lang.String,java.lang.String)[pri:0, instance:testsNG.RegistrationTests@42a48628]" started-at="2021-07-24T16:55:50 EDT" name="scenarioRegistration" data-provider="dp1" finished-at="2021-07-24T16:55:58 EDT" duration-ms="8133" status="PASS">
          <params>
            <param index="0">
              <value>
                <![CDATA[myName]]>
              </value>
            </param>
            <param index="1">
              <value>
                <![CDATA[inyteti-9518@yopmail.com]]>
              </value>
            </param>
            <param index="2">
              <value>
                <![CDATA[123456789TesT!?$%^&]]>
              </value>
            </param>
          </params>
          <reporter-output>
          </reporter-output>
        </test-method> <!-- scenarioRegistration -->
        <test-method signature="scenarioRegistration(java.lang.String,java.lang.String,java.lang.String)[pri:0, instance:testsNG.RegistrationTests@42a48628]" started-at="2021-07-24T16:55:58 EDT" name="scenarioRegistration" data-provider="dp1" finished-at="2021-07-24T16:56:06 EDT" duration-ms="7632" status="PASS">
          <params>
            <param index="0">
              <value>
                <![CDATA[myName2]]>
              </value>
            </param>
            <param index="1">
              <value>
                <![CDATA[paproifrokiru-3477@yopmail.com]]>
              </value>
            </param>
            <param index="2">
              <value>
                <![CDATA[123456789TesT!?$%^&]]>
              </value>
            </param>
          </params>
          <reporter-output>
          </reporter-output>
        </test-method> <!-- scenarioRegistration -->
        <test-method signature="scenarioRegistration(java.lang.String,java.lang.String,java.lang.String)[pri:0, instance:testsNG.RegistrationTests@42a48628]" started-at="2021-07-24T16:56:06 EDT" name="scenarioRegistration" data-provider="dp1" finished-at="2021-07-24T16:56:13 EDT" duration-ms="7462" status="PASS">
          <params>
            <param index="0">
              <value>
                <![CDATA[myName3]]>
              </value>
            </param>
            <param index="1">
              <value>
                <![CDATA[ruraumozetrei-9064@yopmail.com]]>
              </value>
            </param>
            <param index="2">
              <value>
                <![CDATA[123456789TesT!?$%^&]]>
              </value>
            </param>
          </params>
          <reporter-output>
          </reporter-output>
        </test-method> <!-- scenarioRegistration -->
        <test-method signature="scenarioRegistration(java.lang.String,java.lang.String,java.lang.String)[pri:0, instance:testsNG.RegistrationTests@42a48628]" started-at="2021-07-24T16:56:13 EDT" name="scenarioRegistration" data-provider="dp1" finished-at="2021-07-24T16:56:19 EDT" duration-ms="5582" status="PASS">
          <params>
            <param index="0">
              <value>
                <![CDATA[myName4]]>
              </value>
            </param>
            <param index="1">
              <value>
                <![CDATA[poumirabukeu-8665@yopmail.com]]>
              </value>
            </param>
            <param index="2">
              <value>
                <![CDATA[123456789TesT!?$%^&]]>
              </value>
            </param>
          </params>
          <reporter-output>
          </reporter-output>
        </test-method> <!-- scenarioRegistration -->
        <test-method is-config="true" signature="afterTest()[pri:0, instance:testsNG.RegistrationTests@42a48628]" started-at="2021-07-24T16:56:19 EDT" name="afterTest" finished-at="2021-07-24T16:56:19 EDT" duration-ms="0" status="PASS">
          <reporter-output>
          </reporter-output>
        </test-method> <!-- afterTest -->
      </class> <!-- testsNG.RegistrationTests -->
    </test> <!-- Default test -->
  </suite> <!-- Default suite -->
</testng-results>
